{"/home/ahmed/Desktop/udemy/nodeJS/rest-mongo/index.js": {"path":"/home/ahmed/Desktop/udemy/nodeJS/rest-mongo/index.js","statementMap":{"0":{"start":{"line":2,"column":24},"end":{"line":2,"column":55}},"1":{"start":{"line":3,"column":19},"end":{"line":3,"column":45}},"2":{"start":{"line":4,"column":15},"end":{"line":4,"column":32}},"3":{"start":{"line":5,"column":15},"end":{"line":5,"column":32}},"4":{"start":{"line":6,"column":15},"end":{"line":6,"column":32}},"5":{"start":{"line":7,"column":16},"end":{"line":7,"column":34}},"6":{"start":{"line":8,"column":15},"end":{"line":8,"column":45}},"7":{"start":{"line":9,"column":16},"end":{"line":9,"column":34}},"8":{"start":{"line":11,"column":12},"end":{"line":11,"column":21}},"9":{"start":{"line":12,"column":0},"end":{"line":12,"column":23}},"10":{"start":{"line":13,"column":0},"end":{"line":13,"column":47}},"11":{"start":{"line":14,"column":0},"end":{"line":14,"column":33}},"12":{"start":{"line":15,"column":0},"end":{"line":15,"column":15}},"13":{"start":{"line":16,"column":0},"end":{"line":16,"column":17}},"14":{"start":{"line":18,"column":0},"end":{"line":18,"column":31}},"15":{"start":{"line":19,"column":0},"end":{"line":19,"column":32}},"16":{"start":{"line":20,"column":0},"end":{"line":20,"column":26}},"17":{"start":{"line":21,"column":0},"end":{"line":21,"column":30}},"18":{"start":{"line":22,"column":0},"end":{"line":22,"column":34}},"19":{"start":{"line":25,"column":0},"end":{"line":25,"column":30}},"20":{"start":{"line":26,"column":0},"end":{"line":26,"column":28}},"21":{"start":{"line":28,"column":0},"end":{"line":28,"column":54}},"22":{"start":{"line":29,"column":0},"end":{"line":29,"column":59}},"23":{"start":{"line":32,"column":0},"end":{"line":32,"column":48}},"24":{"start":{"line":35,"column":0},"end":{"line":38,"column":1}},"25":{"start":{"line":36,"column":4},"end":{"line":36,"column":32}},"26":{"start":{"line":37,"column":4},"end":{"line":37,"column":37}},"27":{"start":{"line":39,"column":0},"end":{"line":39,"column":30}},"28":{"start":{"line":40,"column":13},"end":{"line":40,"column":37}},"29":{"start":{"line":41,"column":15},"end":{"line":41,"column":77}},"30":{"start":{"line":41,"column":38},"end":{"line":41,"column":76}},"31":{"start":{"line":43,"column":0},"end":{"line":43,"column":24}}},"fnMap":{"0":{"name":"(anonymous_0)","decl":{"start":{"line":41,"column":32},"end":{"line":41,"column":33}},"loc":{"start":{"line":41,"column":38},"end":{"line":41,"column":76}},"line":41}},"branchMap":{"0":{"loc":{"start":{"line":35,"column":0},"end":{"line":38,"column":1}},"type":"if","locations":[{"start":{"line":35,"column":0},"end":{"line":38,"column":1}},{"start":{"line":35,"column":0},"end":{"line":38,"column":1}}],"line":35},"1":{"loc":{"start":{"line":40,"column":13},"end":{"line":40,"column":37}},"type":"binary-expr","locations":[{"start":{"line":40,"column":13},"end":{"line":40,"column":29}},{"start":{"line":40,"column":33},"end":{"line":40,"column":37}}],"line":40}},"s":{"0":2,"1":2,"2":2,"3":2,"4":2,"5":2,"6":2,"7":2,"8":2,"9":2,"10":2,"11":2,"12":2,"13":2,"14":2,"15":2,"16":2,"17":2,"18":2,"19":2,"20":2,"21":2,"22":2,"23":2,"24":2,"25":0,"26":0,"27":2,"28":2,"29":2,"30":2,"31":2},"f":{"0":2},"b":{"0":[0,2],"1":[2,2]},"_coverageSchema":"332fd63041d2c1bcb487cc26dd0d5f7d97098a6c","hash":"8466ec9317bf11d22060c42bc5d5b3df60734a1f"}
,"/home/ahmed/Desktop/udemy/nodeJS/rest-mongo/middleware/admin.js": {"path":"/home/ahmed/Desktop/udemy/nodeJS/rest-mongo/middleware/admin.js","statementMap":{"0":{"start":{"line":1,"column":12},"end":{"line":1,"column":35}},"1":{"start":{"line":2,"column":15},"end":{"line":2,"column":32}},"2":{"start":{"line":5,"column":4},"end":{"line":7,"column":5}},"3":{"start":{"line":6,"column":8},"end":{"line":6,"column":52}},"4":{"start":{"line":8,"column":4},"end":{"line":8,"column":11}},"5":{"start":{"line":11,"column":0},"end":{"line":11,"column":23}}},"fnMap":{"0":{"name":"admin","decl":{"start":{"line":4,"column":9},"end":{"line":4,"column":14}},"loc":{"start":{"line":4,"column":31},"end":{"line":9,"column":1}},"line":4}},"branchMap":{"0":{"loc":{"start":{"line":5,"column":4},"end":{"line":7,"column":5}},"type":"if","locations":[{"start":{"line":5,"column":4},"end":{"line":7,"column":5}},{"start":{"line":5,"column":4},"end":{"line":7,"column":5}}],"line":5}},"s":{"0":2,"1":2,"2":0,"3":0,"4":0,"5":2},"f":{"0":0},"b":{"0":[0,0]},"_coverageSchema":"332fd63041d2c1bcb487cc26dd0d5f7d97098a6c","hash":"7771b7834576cece375bd15ec85fae83fdc986b6"}
,"/home/ahmed/Desktop/udemy/nodeJS/rest-mongo/middleware/async.js": {"path":"/home/ahmed/Desktop/udemy/nodeJS/rest-mongo/middleware/async.js","statementMap":{"0":{"start":{"line":1,"column":0},"end":{"line":9,"column":1}},"1":{"start":{"line":2,"column":4},"end":{"line":8,"column":5}},"2":{"start":{"line":3,"column":8},"end":{"line":7,"column":9}},"3":{"start":{"line":4,"column":12},"end":{"line":4,"column":35}},"4":{"start":{"line":6,"column":12},"end":{"line":6,"column":23}}},"fnMap":{"0":{"name":"(anonymous_0)","decl":{"start":{"line":1,"column":18},"end":{"line":1,"column":19}},"loc":{"start":{"line":1,"column":37},"end":{"line":9,"column":1}},"line":1},"1":{"name":"(anonymous_1)","decl":{"start":{"line":2,"column":11},"end":{"line":2,"column":12}},"loc":{"start":{"line":2,"column":37},"end":{"line":8,"column":5}},"line":2}},"branchMap":{},"s":{"0":2,"1":2,"2":1,"3":1,"4":0},"f":{"0":2,"1":1},"b":{},"_coverageSchema":"332fd63041d2c1bcb487cc26dd0d5f7d97098a6c","hash":"068be0f056d0e5e6ee56af90263f188358a2a71c"}
,"/home/ahmed/Desktop/udemy/nodeJS/rest-mongo/middleware/auth.js": {"path":"/home/ahmed/Desktop/udemy/nodeJS/rest-mongo/middleware/auth.js","statementMap":{"0":{"start":{"line":1,"column":12},"end":{"line":1,"column":35}},"1":{"start":{"line":2,"column":15},"end":{"line":2,"column":32}},"2":{"start":{"line":5,"column":18},"end":{"line":5,"column":44}},"3":{"start":{"line":6,"column":4},"end":{"line":6,"column":54}},"4":{"start":{"line":6,"column":16},"end":{"line":6,"column":54}},"5":{"start":{"line":7,"column":4},"end":{"line":13,"column":5}},"6":{"start":{"line":8,"column":24},"end":{"line":8,"column":66}},"7":{"start":{"line":9,"column":8},"end":{"line":9,"column":26}},"8":{"start":{"line":10,"column":8},"end":{"line":10,"column":15}},"9":{"start":{"line":12,"column":8},"end":{"line":12,"column":44}},"10":{"start":{"line":17,"column":0},"end":{"line":17,"column":22}}},"fnMap":{"0":{"name":"auth","decl":{"start":{"line":4,"column":9},"end":{"line":4,"column":13}},"loc":{"start":{"line":4,"column":30},"end":{"line":14,"column":1}},"line":4}},"branchMap":{"0":{"loc":{"start":{"line":6,"column":4},"end":{"line":6,"column":54}},"type":"if","locations":[{"start":{"line":6,"column":4},"end":{"line":6,"column":54}},{"start":{"line":6,"column":4},"end":{"line":6,"column":54}}],"line":6}},"s":{"0":3,"1":3,"2":6,"3":6,"4":2,"5":6,"6":6,"7":4,"8":4,"9":2,"10":3},"f":{"0":6},"b":{"0":[2,4]},"_coverageSchema":"332fd63041d2c1bcb487cc26dd0d5f7d97098a6c","hash":"fad4cad81a0092f430365815a6259721e04c2bb0"}
,"/home/ahmed/Desktop/udemy/nodeJS/rest-mongo/middleware/error.js": {"path":"/home/ahmed/Desktop/udemy/nodeJS/rest-mongo/middleware/error.js","statementMap":{"0":{"start":{"line":2,"column":16},"end":{"line":2,"column":34}},"1":{"start":{"line":4,"column":0},"end":{"line":7,"column":1}},"2":{"start":{"line":5,"column":4},"end":{"line":5,"column":37}},"3":{"start":{"line":6,"column":4},"end":{"line":6,"column":46}}},"fnMap":{"0":{"name":"(anonymous_0)","decl":{"start":{"line":4,"column":17},"end":{"line":4,"column":18}},"loc":{"start":{"line":4,"column":48},"end":{"line":7,"column":1}},"line":4}},"branchMap":{},"s":{"0":2,"1":2,"2":3,"3":3},"f":{"0":3},"b":{},"_coverageSchema":"332fd63041d2c1bcb487cc26dd0d5f7d97098a6c","hash":"25b09545527a6b4cc278122f894711063ba002ca"}
,"/home/ahmed/Desktop/udemy/nodeJS/rest-mongo/middleware/logger.js": {"path":"/home/ahmed/Desktop/udemy/nodeJS/rest-mongo/middleware/logger.js","statementMap":{"0":{"start":{"line":2,"column":4},"end":{"line":2,"column":30}},"1":{"start":{"line":3,"column":4},"end":{"line":3,"column":11}},"2":{"start":{"line":6,"column":0},"end":{"line":6,"column":21}}},"fnMap":{"0":{"name":"log","decl":{"start":{"line":1,"column":9},"end":{"line":1,"column":12}},"loc":{"start":{"line":1,"column":29},"end":{"line":4,"column":1}},"line":1}},"branchMap":{},"s":{"0":8,"1":8,"2":2},"f":{"0":8},"b":{},"_coverageSchema":"332fd63041d2c1bcb487cc26dd0d5f7d97098a6c","hash":"45c0f23efe6f5c2fe8cf36311307ab74e304d70e"}
,"/home/ahmed/Desktop/udemy/nodeJS/rest-mongo/middleware/validateObjectId.js": {"path":"/home/ahmed/Desktop/udemy/nodeJS/rest-mongo/middleware/validateObjectId.js","statementMap":{"0":{"start":{"line":1,"column":17},"end":{"line":1,"column":36}},"1":{"start":{"line":3,"column":0},"end":{"line":9,"column":1}},"2":{"start":{"line":4,"column":4},"end":{"line":6,"column":5}},"3":{"start":{"line":5,"column":8},"end":{"line":5,"column":49}},"4":{"start":{"line":8,"column":4},"end":{"line":8,"column":11}}},"fnMap":{"0":{"name":"(anonymous_0)","decl":{"start":{"line":3,"column":17},"end":{"line":3,"column":18}},"loc":{"start":{"line":3,"column":43},"end":{"line":9,"column":1}},"line":3}},"branchMap":{"0":{"loc":{"start":{"line":4,"column":4},"end":{"line":6,"column":5}},"type":"if","locations":[{"start":{"line":4,"column":4},"end":{"line":6,"column":5}},{"start":{"line":4,"column":4},"end":{"line":6,"column":5}}],"line":4}},"s":{"0":2,"1":2,"2":2,"3":1,"4":1},"f":{"0":2},"b":{"0":[1,1]},"_coverageSchema":"332fd63041d2c1bcb487cc26dd0d5f7d97098a6c","hash":"de9865dc0c11f804fd22eb225758284c778120fd"}
,"/home/ahmed/Desktop/udemy/nodeJS/rest-mongo/models/course.js": {"path":"/home/ahmed/Desktop/udemy/nodeJS/rest-mongo/models/course.js","statementMap":{"0":{"start":{"line":1,"column":17},"end":{"line":1,"column":36}},"1":{"start":{"line":2,"column":12},"end":{"line":2,"column":26}},"2":{"start":{"line":3,"column":15},"end":{"line":10,"column":3}},"3":{"start":{"line":14,"column":19},"end":{"line":16,"column":5}},"4":{"start":{"line":17,"column":4},"end":{"line":17,"column":40}},"5":{"start":{"line":21,"column":0},"end":{"line":21,"column":38}},"6":{"start":{"line":22,"column":0},"end":{"line":22,"column":24}}},"fnMap":{"0":{"name":"ValidatCourse","decl":{"start":{"line":13,"column":9},"end":{"line":13,"column":22}},"loc":{"start":{"line":13,"column":31},"end":{"line":18,"column":1}},"line":13}},"branchMap":{},"s":{"0":2,"1":2,"2":2,"3":0,"4":0,"5":2,"6":2},"f":{"0":0},"b":{},"_coverageSchema":"332fd63041d2c1bcb487cc26dd0d5f7d97098a6c","hash":"69b4f9cb6ed75b1c7edf7d60ac1f548eb4c844da"}
,"/home/ahmed/Desktop/udemy/nodeJS/rest-mongo/models/customer.js": {"path":"/home/ahmed/Desktop/udemy/nodeJS/rest-mongo/models/customer.js","statementMap":{"0":{"start":{"line":1,"column":17},"end":{"line":1,"column":36}},"1":{"start":{"line":2,"column":12},"end":{"line":2,"column":26}},"2":{"start":{"line":3,"column":17},"end":{"line":20,"column":3}},"3":{"start":{"line":25,"column":19},"end":{"line":29,"column":5}},"4":{"start":{"line":30,"column":4},"end":{"line":30,"column":42}},"5":{"start":{"line":34,"column":0},"end":{"line":34,"column":35}},"6":{"start":{"line":35,"column":0},"end":{"line":35,"column":49}}},"fnMap":{"0":{"name":"ValidatCustomer","decl":{"start":{"line":24,"column":9},"end":{"line":24,"column":24}},"loc":{"start":{"line":24,"column":35},"end":{"line":31,"column":1}},"line":24}},"branchMap":{},"s":{"0":2,"1":2,"2":2,"3":0,"4":0,"5":2,"6":2},"f":{"0":0},"b":{},"_coverageSchema":"332fd63041d2c1bcb487cc26dd0d5f7d97098a6c","hash":"76f98bf431ee72270b0d5815ae01890fc4af234c"}
,"/home/ahmed/Desktop/udemy/nodeJS/rest-mongo/models/rental.js": {"path":"/home/ahmed/Desktop/udemy/nodeJS/rest-mongo/models/rental.js","statementMap":{"0":{"start":{"line":1,"column":17},"end":{"line":1,"column":36}},"1":{"start":{"line":2,"column":12},"end":{"line":2,"column":26}},"2":{"start":{"line":4,"column":15},"end":{"line":43,"column":3}},"3":{"start":{"line":47,"column":19},"end":{"line":50,"column":5}},"4":{"start":{"line":52,"column":4},"end":{"line":52,"column":39}},"5":{"start":{"line":57,"column":0},"end":{"line":57,"column":31}},"6":{"start":{"line":58,"column":0},"end":{"line":58,"column":47}}},"fnMap":{"0":{"name":"validateRental","decl":{"start":{"line":46,"column":9},"end":{"line":46,"column":23}},"loc":{"start":{"line":46,"column":32},"end":{"line":53,"column":1}},"line":46}},"branchMap":{},"s":{"0":2,"1":2,"2":2,"3":0,"4":0,"5":2,"6":2},"f":{"0":0},"b":{},"_coverageSchema":"332fd63041d2c1bcb487cc26dd0d5f7d97098a6c","hash":"d823e976095ad6f8c6f862b4d2bba099ba66aa85"}
,"/home/ahmed/Desktop/udemy/nodeJS/rest-mongo/models/user.js": {"path":"/home/ahmed/Desktop/udemy/nodeJS/rest-mongo/models/user.js","statementMap":{"0":{"start":{"line":1,"column":12},"end":{"line":1,"column":26}},"1":{"start":{"line":2,"column":12},"end":{"line":2,"column":35}},"2":{"start":{"line":3,"column":15},"end":{"line":3,"column":32}},"3":{"start":{"line":4,"column":17},"end":{"line":4,"column":36}},"4":{"start":{"line":5,"column":19},"end":{"line":20,"column":2}},"5":{"start":{"line":22,"column":0},"end":{"line":25,"column":1}},"6":{"start":{"line":23,"column":18},"end":{"line":23,"column":93}},"7":{"start":{"line":24,"column":4},"end":{"line":24,"column":16}},"8":{"start":{"line":26,"column":13},"end":{"line":26,"column":47}},"9":{"start":{"line":30,"column":19},"end":{"line":34,"column":5}},"10":{"start":{"line":36,"column":4},"end":{"line":36,"column":37}},"11":{"start":{"line":39,"column":0},"end":{"line":39,"column":27}},"12":{"start":{"line":40,"column":0},"end":{"line":40,"column":43}}},"fnMap":{"0":{"name":"(anonymous_0)","decl":{"start":{"line":22,"column":39},"end":{"line":22,"column":40}},"loc":{"start":{"line":22,"column":51},"end":{"line":25,"column":1}},"line":22},"1":{"name":"ValidateUser","decl":{"start":{"line":29,"column":9},"end":{"line":29,"column":21}},"loc":{"start":{"line":29,"column":28},"end":{"line":37,"column":1}},"line":29}},"branchMap":{},"s":{"0":4,"1":4,"2":4,"3":4,"4":4,"5":4,"6":9,"7":9,"8":4,"9":0,"10":0,"11":4,"12":4},"f":{"0":9,"1":0},"b":{},"_coverageSchema":"332fd63041d2c1bcb487cc26dd0d5f7d97098a6c","hash":"180055f7d9c08c33e0f3af9ad3f495775ba0fac6"}
,"/home/ahmed/Desktop/udemy/nodeJS/rest-mongo/routes/auth.js": {"path":"/home/ahmed/Desktop/udemy/nodeJS/rest-mongo/routes/auth.js","statementMap":{"0":{"start":{"line":1,"column":16},"end":{"line":1,"column":34}},"1":{"start":{"line":2,"column":15},"end":{"line":2,"column":32}},"2":{"start":{"line":3,"column":15},"end":{"line":3,"column":31}},"3":{"start":{"line":4,"column":17},"end":{"line":4,"column":36}},"4":{"start":{"line":5,"column":12},"end":{"line":5,"column":26}},"5":{"start":{"line":6,"column":17},"end":{"line":6,"column":42}},"6":{"start":{"line":7,"column":10},"end":{"line":7,"column":27}},"7":{"start":{"line":8,"column":15},"end":{"line":8,"column":32}},"8":{"start":{"line":9,"column":12},"end":{"line":9,"column":35}},"9":{"start":{"line":11,"column":0},"end":{"line":21,"column":2}},"10":{"start":{"line":12,"column":22},"end":{"line":12,"column":40}},"11":{"start":{"line":13,"column":4},"end":{"line":13,"column":68}},"12":{"start":{"line":13,"column":15},"end":{"line":13,"column":68}},"13":{"start":{"line":14,"column":15},"end":{"line":14,"column":60}},"14":{"start":{"line":15,"column":4},"end":{"line":15,"column":71}},"15":{"start":{"line":15,"column":15},"end":{"line":15,"column":71}},"16":{"start":{"line":16,"column":22},"end":{"line":16,"column":76}},"17":{"start":{"line":17,"column":4},"end":{"line":17,"column":68}},"18":{"start":{"line":17,"column":20},"end":{"line":17,"column":68}},"19":{"start":{"line":18,"column":18},"end":{"line":18,"column":42}},"20":{"start":{"line":20,"column":4},"end":{"line":20,"column":19}},"21":{"start":{"line":24,"column":19},"end":{"line":27,"column":5}},"22":{"start":{"line":29,"column":4},"end":{"line":29,"column":37}},"23":{"start":{"line":32,"column":0},"end":{"line":32,"column":23}}},"fnMap":{"0":{"name":"(anonymous_0)","decl":{"start":{"line":11,"column":17},"end":{"line":11,"column":18}},"loc":{"start":{"line":11,"column":37},"end":{"line":21,"column":1}},"line":11},"1":{"name":"validate","decl":{"start":{"line":23,"column":9},"end":{"line":23,"column":17}},"loc":{"start":{"line":23,"column":24},"end":{"line":30,"column":1}},"line":23}},"branchMap":{"0":{"loc":{"start":{"line":13,"column":4},"end":{"line":13,"column":68}},"type":"if","locations":[{"start":{"line":13,"column":4},"end":{"line":13,"column":68}},{"start":{"line":13,"column":4},"end":{"line":13,"column":68}}],"line":13},"1":{"loc":{"start":{"line":15,"column":4},"end":{"line":15,"column":71}},"type":"if","locations":[{"start":{"line":15,"column":4},"end":{"line":15,"column":71}},{"start":{"line":15,"column":4},"end":{"line":15,"column":71}}],"line":15},"2":{"loc":{"start":{"line":17,"column":4},"end":{"line":17,"column":68}},"type":"if","locations":[{"start":{"line":17,"column":4},"end":{"line":17,"column":68}},{"start":{"line":17,"column":4},"end":{"line":17,"column":68}}],"line":17}},"s":{"0":2,"1":2,"2":2,"3":2,"4":2,"5":2,"6":2,"7":2,"8":2,"9":2,"10":0,"11":0,"12":0,"13":0,"14":0,"15":0,"16":0,"17":0,"18":0,"19":0,"20":0,"21":0,"22":0,"23":2},"f":{"0":0,"1":0},"b":{"0":[0,0],"1":[0,0],"2":[0,0]},"_coverageSchema":"332fd63041d2c1bcb487cc26dd0d5f7d97098a6c","hash":"666057d054a8ef8fd8678002ebedb8ce39c4af2c"}
,"/home/ahmed/Desktop/udemy/nodeJS/rest-mongo/routes/courses.js": {"path":"/home/ahmed/Desktop/udemy/nodeJS/rest-mongo/routes/courses.js","statementMap":{"0":{"start":{"line":1,"column":23},"end":{"line":1,"column":64}},"1":{"start":{"line":2,"column":16},"end":{"line":2,"column":34}},"2":{"start":{"line":3,"column":15},"end":{"line":3,"column":31}},"3":{"start":{"line":4,"column":17},"end":{"line":4,"column":36}},"4":{"start":{"line":5,"column":12},"end":{"line":5,"column":26}},"5":{"start":{"line":6,"column":34},"end":{"line":6,"column":61}},"6":{"start":{"line":7,"column":13},"end":{"line":7,"column":42}},"7":{"start":{"line":8,"column":14},"end":{"line":8,"column":44}},"8":{"start":{"line":9,"column":24},"end":{"line":9,"column":54}},"9":{"start":{"line":10,"column":0},"end":{"line":10,"column":32}},"10":{"start":{"line":14,"column":0},"end":{"line":17,"column":2}},"11":{"start":{"line":15,"column":20},"end":{"line":15,"column":52}},"12":{"start":{"line":16,"column":4},"end":{"line":16,"column":21}},"13":{"start":{"line":19,"column":0},"end":{"line":23,"column":3}},"14":{"start":{"line":20,"column":19},"end":{"line":20,"column":55}},"15":{"start":{"line":21,"column":4},"end":{"line":21,"column":50}},"16":{"start":{"line":21,"column":17},"end":{"line":21,"column":50}},"17":{"start":{"line":22,"column":4},"end":{"line":22,"column":20}},"18":{"start":{"line":25,"column":0},"end":{"line":37,"column":2}},"19":{"start":{"line":26,"column":22},"end":{"line":26,"column":44}},"20":{"start":{"line":27,"column":4},"end":{"line":31,"column":5}},"21":{"start":{"line":29,"column":8},"end":{"line":29,"column":43}},"22":{"start":{"line":33,"column":4},"end":{"line":33,"column":39}},"23":{"start":{"line":34,"column":17},"end":{"line":34,"column":52}},"24":{"start":{"line":35,"column":4},"end":{"line":35,"column":33}},"25":{"start":{"line":36,"column":4},"end":{"line":36,"column":21}},"26":{"start":{"line":40,"column":0},"end":{"line":51,"column":2}},"27":{"start":{"line":42,"column":22},"end":{"line":42,"column":44}},"28":{"start":{"line":43,"column":4},"end":{"line":45,"column":5}},"29":{"start":{"line":44,"column":8},"end":{"line":44,"column":42}},"30":{"start":{"line":46,"column":19},"end":{"line":46,"column":104}},"31":{"start":{"line":47,"column":4},"end":{"line":47,"column":50}},"32":{"start":{"line":47,"column":17},"end":{"line":47,"column":50}},"33":{"start":{"line":49,"column":4},"end":{"line":49,"column":21}},"34":{"start":{"line":54,"column":0},"end":{"line":58,"column":2}},"35":{"start":{"line":55,"column":19},"end":{"line":55,"column":64}},"36":{"start":{"line":56,"column":4},"end":{"line":56,"column":57}},"37":{"start":{"line":56,"column":17},"end":{"line":56,"column":57}},"38":{"start":{"line":57,"column":4},"end":{"line":57,"column":21}},"39":{"start":{"line":61,"column":0},"end":{"line":61,"column":24}}},"fnMap":{"0":{"name":"(anonymous_0)","decl":{"start":{"line":14,"column":16},"end":{"line":14,"column":17}},"loc":{"start":{"line":14,"column":38},"end":{"line":17,"column":1}},"line":14},"1":{"name":"(anonymous_1)","decl":{"start":{"line":19,"column":51},"end":{"line":19,"column":52}},"loc":{"start":{"line":19,"column":71},"end":{"line":23,"column":1}},"line":19},"2":{"name":"(anonymous_2)","decl":{"start":{"line":25,"column":23},"end":{"line":25,"column":24}},"loc":{"start":{"line":25,"column":43},"end":{"line":37,"column":1}},"line":25},"3":{"name":"(anonymous_3)","decl":{"start":{"line":40,"column":25},"end":{"line":40,"column":26}},"loc":{"start":{"line":40,"column":45},"end":{"line":51,"column":1}},"line":40},"4":{"name":"(anonymous_4)","decl":{"start":{"line":54,"column":28},"end":{"line":54,"column":29}},"loc":{"start":{"line":54,"column":48},"end":{"line":58,"column":1}},"line":54}},"branchMap":{"0":{"loc":{"start":{"line":21,"column":4},"end":{"line":21,"column":50}},"type":"if","locations":[{"start":{"line":21,"column":4},"end":{"line":21,"column":50}},{"start":{"line":21,"column":4},"end":{"line":21,"column":50}}],"line":21},"1":{"loc":{"start":{"line":27,"column":4},"end":{"line":31,"column":5}},"type":"if","locations":[{"start":{"line":27,"column":4},"end":{"line":31,"column":5}},{"start":{"line":27,"column":4},"end":{"line":31,"column":5}}],"line":27},"2":{"loc":{"start":{"line":43,"column":4},"end":{"line":45,"column":5}},"type":"if","locations":[{"start":{"line":43,"column":4},"end":{"line":45,"column":5}},{"start":{"line":43,"column":4},"end":{"line":45,"column":5}}],"line":43},"3":{"loc":{"start":{"line":47,"column":4},"end":{"line":47,"column":50}},"type":"if","locations":[{"start":{"line":47,"column":4},"end":{"line":47,"column":50}},{"start":{"line":47,"column":4},"end":{"line":47,"column":50}}],"line":47},"4":{"loc":{"start":{"line":56,"column":4},"end":{"line":56,"column":57}},"type":"if","locations":[{"start":{"line":56,"column":4},"end":{"line":56,"column":57}},{"start":{"line":56,"column":4},"end":{"line":56,"column":57}}],"line":56}},"s":{"0":2,"1":2,"2":2,"3":2,"4":2,"5":2,"6":2,"7":2,"8":2,"9":2,"10":2,"11":1,"12":1,"13":2,"14":1,"15":1,"16":0,"17":1,"18":2,"19":3,"20":3,"21":0,"22":3,"23":3,"24":3,"25":2,"26":2,"27":0,"28":0,"29":0,"30":0,"31":0,"32":0,"33":0,"34":2,"35":0,"36":0,"37":0,"38":0,"39":2},"f":{"0":1,"1":1,"2":3,"3":0,"4":0},"b":{"0":[0,1],"1":[0,3],"2":[0,0],"3":[0,0],"4":[0,0]},"_coverageSchema":"332fd63041d2c1bcb487cc26dd0d5f7d97098a6c","hash":"eeb6517c9615e1e64f7676acd865b7dd2782098f"}
,"/home/ahmed/Desktop/udemy/nodeJS/rest-mongo/routes/customers.js": {"path":"/home/ahmed/Desktop/udemy/nodeJS/rest-mongo/routes/customers.js","statementMap":{"0":{"start":{"line":1,"column":16},"end":{"line":1,"column":34}},"1":{"start":{"line":2,"column":15},"end":{"line":2,"column":31}},"2":{"start":{"line":3,"column":17},"end":{"line":3,"column":36}},"3":{"start":{"line":4,"column":12},"end":{"line":4,"column":26}},"4":{"start":{"line":5,"column":36},"end":{"line":5,"column":65}},"5":{"start":{"line":10,"column":0},"end":{"line":13,"column":2}},"6":{"start":{"line":11,"column":22},"end":{"line":11,"column":56}},"7":{"start":{"line":12,"column":4},"end":{"line":12,"column":23}},"8":{"start":{"line":15,"column":0},"end":{"line":19,"column":2}},"9":{"start":{"line":16,"column":21},"end":{"line":16,"column":59}},"10":{"start":{"line":17,"column":4},"end":{"line":17,"column":52}},"11":{"start":{"line":17,"column":19},"end":{"line":17,"column":52}},"12":{"start":{"line":18,"column":4},"end":{"line":18,"column":22}},"13":{"start":{"line":21,"column":0},"end":{"line":37,"column":2}},"14":{"start":{"line":22,"column":22},"end":{"line":22,"column":44}},"15":{"start":{"line":23,"column":4},"end":{"line":27,"column":5}},"16":{"start":{"line":25,"column":8},"end":{"line":25,"column":43}},"17":{"start":{"line":29,"column":4},"end":{"line":29,"column":39}},"18":{"start":{"line":30,"column":19},"end":{"line":34,"column":6}},"19":{"start":{"line":35,"column":4},"end":{"line":35,"column":37}},"20":{"start":{"line":36,"column":4},"end":{"line":36,"column":23}},"21":{"start":{"line":40,"column":0},"end":{"line":55,"column":2}},"22":{"start":{"line":42,"column":22},"end":{"line":42,"column":44}},"23":{"start":{"line":43,"column":4},"end":{"line":45,"column":5}},"24":{"start":{"line":44,"column":8},"end":{"line":44,"column":42}},"25":{"start":{"line":46,"column":21},"end":{"line":50,"column":21}},"26":{"start":{"line":51,"column":4},"end":{"line":51,"column":52}},"27":{"start":{"line":51,"column":19},"end":{"line":51,"column":52}},"28":{"start":{"line":53,"column":4},"end":{"line":53,"column":23}},"29":{"start":{"line":58,"column":0},"end":{"line":62,"column":2}},"30":{"start":{"line":59,"column":21},"end":{"line":59,"column":68}},"31":{"start":{"line":60,"column":4},"end":{"line":60,"column":59}},"32":{"start":{"line":60,"column":19},"end":{"line":60,"column":59}},"33":{"start":{"line":61,"column":4},"end":{"line":61,"column":23}},"34":{"start":{"line":65,"column":0},"end":{"line":65,"column":24}}},"fnMap":{"0":{"name":"(anonymous_0)","decl":{"start":{"line":10,"column":16},"end":{"line":10,"column":17}},"loc":{"start":{"line":10,"column":36},"end":{"line":13,"column":1}},"line":10},"1":{"name":"(anonymous_1)","decl":{"start":{"line":15,"column":19},"end":{"line":15,"column":20}},"loc":{"start":{"line":15,"column":39},"end":{"line":19,"column":1}},"line":15},"2":{"name":"(anonymous_2)","decl":{"start":{"line":21,"column":17},"end":{"line":21,"column":18}},"loc":{"start":{"line":21,"column":37},"end":{"line":37,"column":1}},"line":21},"3":{"name":"(anonymous_3)","decl":{"start":{"line":40,"column":19},"end":{"line":40,"column":20}},"loc":{"start":{"line":40,"column":39},"end":{"line":55,"column":1}},"line":40},"4":{"name":"(anonymous_4)","decl":{"start":{"line":58,"column":22},"end":{"line":58,"column":23}},"loc":{"start":{"line":58,"column":42},"end":{"line":62,"column":1}},"line":58}},"branchMap":{"0":{"loc":{"start":{"line":17,"column":4},"end":{"line":17,"column":52}},"type":"if","locations":[{"start":{"line":17,"column":4},"end":{"line":17,"column":52}},{"start":{"line":17,"column":4},"end":{"line":17,"column":52}}],"line":17},"1":{"loc":{"start":{"line":23,"column":4},"end":{"line":27,"column":5}},"type":"if","locations":[{"start":{"line":23,"column":4},"end":{"line":27,"column":5}},{"start":{"line":23,"column":4},"end":{"line":27,"column":5}}],"line":23},"2":{"loc":{"start":{"line":43,"column":4},"end":{"line":45,"column":5}},"type":"if","locations":[{"start":{"line":43,"column":4},"end":{"line":45,"column":5}},{"start":{"line":43,"column":4},"end":{"line":45,"column":5}}],"line":43},"3":{"loc":{"start":{"line":51,"column":4},"end":{"line":51,"column":52}},"type":"if","locations":[{"start":{"line":51,"column":4},"end":{"line":51,"column":52}},{"start":{"line":51,"column":4},"end":{"line":51,"column":52}}],"line":51},"4":{"loc":{"start":{"line":60,"column":4},"end":{"line":60,"column":59}},"type":"if","locations":[{"start":{"line":60,"column":4},"end":{"line":60,"column":59}},{"start":{"line":60,"column":4},"end":{"line":60,"column":59}}],"line":60}},"s":{"0":2,"1":2,"2":2,"3":2,"4":2,"5":2,"6":0,"7":0,"8":2,"9":0,"10":0,"11":0,"12":0,"13":2,"14":0,"15":0,"16":0,"17":0,"18":0,"19":0,"20":0,"21":2,"22":0,"23":0,"24":0,"25":0,"26":0,"27":0,"28":0,"29":2,"30":0,"31":0,"32":0,"33":0,"34":2},"f":{"0":0,"1":0,"2":0,"3":0,"4":0},"b":{"0":[0,0],"1":[0,0],"2":[0,0],"3":[0,0],"4":[0,0]},"_coverageSchema":"332fd63041d2c1bcb487cc26dd0d5f7d97098a6c","hash":"97611451d3e1b037e63fb7985ad4a387bec55b7b"}
,"/home/ahmed/Desktop/udemy/nodeJS/rest-mongo/routes/home.js": {"path":"/home/ahmed/Desktop/udemy/nodeJS/rest-mongo/routes/home.js","statementMap":{"0":{"start":{"line":1,"column":16},"end":{"line":1,"column":34}},"1":{"start":{"line":2,"column":15},"end":{"line":2,"column":31}},"2":{"start":{"line":5,"column":0},"end":{"line":7,"column":2}},"3":{"start":{"line":6,"column":4},"end":{"line":6,"column":57}},"4":{"start":{"line":10,"column":0},"end":{"line":10,"column":23}}},"fnMap":{"0":{"name":"(anonymous_0)","decl":{"start":{"line":5,"column":16},"end":{"line":5,"column":17}},"loc":{"start":{"line":5,"column":30},"end":{"line":7,"column":1}},"line":5}},"branchMap":{},"s":{"0":2,"1":2,"2":2,"3":0,"4":2},"f":{"0":0},"b":{},"_coverageSchema":"332fd63041d2c1bcb487cc26dd0d5f7d97098a6c","hash":"806d32a68b64c3aa8682642a7fa5cffb9fb3bb98"}
,"/home/ahmed/Desktop/udemy/nodeJS/rest-mongo/routes/rentals.js": {"path":"/home/ahmed/Desktop/udemy/nodeJS/rest-mongo/routes/rentals.js","statementMap":{"0":{"start":{"line":1,"column":16},"end":{"line":1,"column":34}},"1":{"start":{"line":2,"column":15},"end":{"line":2,"column":31}},"2":{"start":{"line":3,"column":17},"end":{"line":3,"column":36}},"3":{"start":{"line":4,"column":12},"end":{"line":4,"column":26}},"4":{"start":{"line":5,"column":35},"end":{"line":5,"column":62}},"5":{"start":{"line":6,"column":21},"end":{"line":6,"column":50}},"6":{"start":{"line":7,"column":19},"end":{"line":7,"column":46}},"7":{"start":{"line":8,"column":13},"end":{"line":8,"column":28}},"8":{"start":{"line":10,"column":0},"end":{"line":10,"column":20}},"9":{"start":{"line":12,"column":0},"end":{"line":15,"column":2}},"10":{"start":{"line":13,"column":20},"end":{"line":13,"column":56}},"11":{"start":{"line":14,"column":4},"end":{"line":14,"column":21}},"12":{"start":{"line":17,"column":0},"end":{"line":54,"column":2}},"13":{"start":{"line":18,"column":22},"end":{"line":18,"column":46}},"14":{"start":{"line":19,"column":4},"end":{"line":19,"column":69}},"15":{"start":{"line":19,"column":15},"end":{"line":19,"column":69}},"16":{"start":{"line":24,"column":21},"end":{"line":24,"column":65}},"17":{"start":{"line":25,"column":4},"end":{"line":25,"column":67}},"18":{"start":{"line":25,"column":19},"end":{"line":25,"column":67}},"19":{"start":{"line":27,"column":19},"end":{"line":27,"column":59}},"20":{"start":{"line":28,"column":4},"end":{"line":28,"column":63}},"21":{"start":{"line":28,"column":17},"end":{"line":28,"column":63}},"22":{"start":{"line":30,"column":17},"end":{"line":40,"column":6}},"23":{"start":{"line":42,"column":4},"end":{"line":53,"column":5}},"24":{"start":{"line":43,"column":8},"end":{"line":46,"column":19}},"25":{"start":{"line":50,"column":8},"end":{"line":50,"column":24}},"26":{"start":{"line":52,"column":8},"end":{"line":52,"column":47}},"27":{"start":{"line":56,"column":0},"end":{"line":56,"column":23}}},"fnMap":{"0":{"name":"(anonymous_0)","decl":{"start":{"line":12,"column":16},"end":{"line":12,"column":17}},"loc":{"start":{"line":12,"column":36},"end":{"line":15,"column":1}},"line":12},"1":{"name":"(anonymous_1)","decl":{"start":{"line":17,"column":17},"end":{"line":17,"column":18}},"loc":{"start":{"line":17,"column":37},"end":{"line":54,"column":1}},"line":17}},"branchMap":{"0":{"loc":{"start":{"line":19,"column":4},"end":{"line":19,"column":69}},"type":"if","locations":[{"start":{"line":19,"column":4},"end":{"line":19,"column":69}},{"start":{"line":19,"column":4},"end":{"line":19,"column":69}}],"line":19},"1":{"loc":{"start":{"line":25,"column":4},"end":{"line":25,"column":67}},"type":"if","locations":[{"start":{"line":25,"column":4},"end":{"line":25,"column":67}},{"start":{"line":25,"column":4},"end":{"line":25,"column":67}}],"line":25},"2":{"loc":{"start":{"line":28,"column":4},"end":{"line":28,"column":63}},"type":"if","locations":[{"start":{"line":28,"column":4},"end":{"line":28,"column":63}},{"start":{"line":28,"column":4},"end":{"line":28,"column":63}}],"line":28}},"s":{"0":2,"1":2,"2":2,"3":2,"4":2,"5":2,"6":2,"7":2,"8":2,"9":2,"10":0,"11":0,"12":2,"13":0,"14":0,"15":0,"16":0,"17":0,"18":0,"19":0,"20":0,"21":0,"22":0,"23":0,"24":0,"25":0,"26":0,"27":2},"f":{"0":0,"1":0},"b":{"0":[0,0],"1":[0,0],"2":[0,0]},"_coverageSchema":"332fd63041d2c1bcb487cc26dd0d5f7d97098a6c","hash":"f78f26eabd25b2fe4473aa85387891703313765e"}
,"/home/ahmed/Desktop/udemy/nodeJS/rest-mongo/routes/users.js": {"path":"/home/ahmed/Desktop/udemy/nodeJS/rest-mongo/routes/users.js","statementMap":{"0":{"start":{"line":1,"column":16},"end":{"line":1,"column":34}},"1":{"start":{"line":2,"column":15},"end":{"line":2,"column":31}},"2":{"start":{"line":3,"column":12},"end":{"line":3,"column":35}},"3":{"start":{"line":4,"column":15},"end":{"line":4,"column":32}},"4":{"start":{"line":5,"column":17},"end":{"line":5,"column":36}},"5":{"start":{"line":6,"column":12},"end":{"line":6,"column":26}},"6":{"start":{"line":7,"column":31},"end":{"line":7,"column":56}},"7":{"start":{"line":8,"column":10},"end":{"line":8,"column":27}},"8":{"start":{"line":9,"column":15},"end":{"line":9,"column":32}},"9":{"start":{"line":10,"column":13},"end":{"line":10,"column":42}},"10":{"start":{"line":12,"column":0},"end":{"line":15,"column":2}},"11":{"start":{"line":13,"column":17},"end":{"line":13,"column":70}},"12":{"start":{"line":14,"column":4},"end":{"line":14,"column":19}},"13":{"start":{"line":18,"column":0},"end":{"line":21,"column":2}},"14":{"start":{"line":19,"column":18},"end":{"line":19,"column":35}},"15":{"start":{"line":20,"column":4},"end":{"line":20,"column":19}},"16":{"start":{"line":23,"column":0},"end":{"line":34,"column":2}},"17":{"start":{"line":24,"column":22},"end":{"line":24,"column":44}},"18":{"start":{"line":25,"column":4},"end":{"line":25,"column":68}},"19":{"start":{"line":25,"column":15},"end":{"line":25,"column":68}},"20":{"start":{"line":26,"column":15},"end":{"line":26,"column":60}},"21":{"start":{"line":27,"column":4},"end":{"line":27,"column":68}},"22":{"start":{"line":27,"column":14},"end":{"line":27,"column":68}},"23":{"start":{"line":28,"column":4},"end":{"line":28,"column":68}},"24":{"start":{"line":29,"column":17},"end":{"line":29,"column":41}},"25":{"start":{"line":30,"column":4},"end":{"line":30,"column":59}},"26":{"start":{"line":31,"column":4},"end":{"line":31,"column":21}},"27":{"start":{"line":32,"column":18},"end":{"line":32,"column":42}},"28":{"start":{"line":33,"column":4},"end":{"line":33,"column":82}},"29":{"start":{"line":36,"column":0},"end":{"line":36,"column":23}}},"fnMap":{"0":{"name":"(anonymous_0)","decl":{"start":{"line":12,"column":24},"end":{"line":12,"column":25}},"loc":{"start":{"line":12,"column":44},"end":{"line":15,"column":1}},"line":12},"1":{"name":"(anonymous_1)","decl":{"start":{"line":18,"column":16},"end":{"line":18,"column":17}},"loc":{"start":{"line":18,"column":36},"end":{"line":21,"column":1}},"line":18},"2":{"name":"(anonymous_2)","decl":{"start":{"line":23,"column":17},"end":{"line":23,"column":18}},"loc":{"start":{"line":23,"column":37},"end":{"line":34,"column":1}},"line":23}},"branchMap":{"0":{"loc":{"start":{"line":25,"column":4},"end":{"line":25,"column":68}},"type":"if","locations":[{"start":{"line":25,"column":4},"end":{"line":25,"column":68}},{"start":{"line":25,"column":4},"end":{"line":25,"column":68}}],"line":25},"1":{"loc":{"start":{"line":27,"column":4},"end":{"line":27,"column":68}},"type":"if","locations":[{"start":{"line":27,"column":4},"end":{"line":27,"column":68}},{"start":{"line":27,"column":4},"end":{"line":27,"column":68}}],"line":27}},"s":{"0":2,"1":2,"2":2,"3":2,"4":2,"5":2,"6":2,"7":2,"8":2,"9":2,"10":2,"11":0,"12":0,"13":2,"14":0,"15":0,"16":2,"17":0,"18":0,"19":0,"20":0,"21":0,"22":0,"23":0,"24":0,"25":0,"26":0,"27":0,"28":0,"29":2},"f":{"0":0,"1":0,"2":0},"b":{"0":[0,0],"1":[0,0]},"_coverageSchema":"332fd63041d2c1bcb487cc26dd0d5f7d97098a6c","hash":"054da6808b538d4ab333e5b80ea4a9d22f2886d1"}
,"/home/ahmed/Desktop/udemy/nodeJS/rest-mongo/startup/config.js": {"path":"/home/ahmed/Desktop/udemy/nodeJS/rest-mongo/startup/config.js","statementMap":{"0":{"start":{"line":1,"column":15},"end":{"line":1,"column":32}},"1":{"start":{"line":3,"column":0},"end":{"line":8,"column":1}},"2":{"start":{"line":5,"column":0},"end":{"line":7,"column":1}},"3":{"start":{"line":6,"column":4},"end":{"line":6,"column":61}}},"fnMap":{"0":{"name":"(anonymous_0)","decl":{"start":{"line":3,"column":17},"end":{"line":3,"column":18}},"loc":{"start":{"line":3,"column":28},"end":{"line":8,"column":1}},"line":3}},"branchMap":{"0":{"loc":{"start":{"line":5,"column":0},"end":{"line":7,"column":1}},"type":"if","locations":[{"start":{"line":5,"column":0},"end":{"line":7,"column":1}},{"start":{"line":5,"column":0},"end":{"line":7,"column":1}}],"line":5}},"s":{"0":2,"1":2,"2":2,"3":0},"f":{"0":2},"b":{"0":[0,2]},"_coverageSchema":"332fd63041d2c1bcb487cc26dd0d5f7d97098a6c","hash":"835face6f888b95a5c002227480bca19c62dab73"}
,"/home/ahmed/Desktop/udemy/nodeJS/rest-mongo/startup/db.js": {"path":"/home/ahmed/Desktop/udemy/nodeJS/rest-mongo/startup/db.js","statementMap":{"0":{"start":{"line":1,"column":16},"end":{"line":1,"column":34}},"1":{"start":{"line":2,"column":17},"end":{"line":2,"column":36}},"2":{"start":{"line":3,"column":15},"end":{"line":3,"column":32}},"3":{"start":{"line":5,"column":0},"end":{"line":10,"column":1}},"4":{"start":{"line":6,"column":16},"end":{"line":6,"column":32}},"5":{"start":{"line":7,"column":4},"end":{"line":9,"column":5}},"6":{"start":{"line":8,"column":14},"end":{"line":8,"column":56}}},"fnMap":{"0":{"name":"(anonymous_0)","decl":{"start":{"line":5,"column":17},"end":{"line":5,"column":18}},"loc":{"start":{"line":5,"column":29},"end":{"line":10,"column":1}},"line":5},"1":{"name":"(anonymous_1)","decl":{"start":{"line":8,"column":8},"end":{"line":8,"column":9}},"loc":{"start":{"line":8,"column":14},"end":{"line":8,"column":56}},"line":8}},"branchMap":{},"s":{"0":2,"1":2,"2":2,"3":2,"4":2,"5":2,"6":2},"f":{"0":2,"1":2},"b":{},"_coverageSchema":"332fd63041d2c1bcb487cc26dd0d5f7d97098a6c","hash":"bd2ed54560a1d78a2afe552716307ba17e8ce105"}
,"/home/ahmed/Desktop/udemy/nodeJS/rest-mongo/startup/logging.js": {"path":"/home/ahmed/Desktop/udemy/nodeJS/rest-mongo/startup/logging.js","statementMap":{"0":{"start":{"line":1,"column":16},"end":{"line":1,"column":34}},"1":{"start":{"line":4,"column":0},"end":{"line":32,"column":1}},"2":{"start":{"line":11,"column":8},"end":{"line":14,"column":9}},"3":{"start":{"line":16,"column":8},"end":{"line":20,"column":2}},"4":{"start":{"line":19,"column":4},"end":{"line":19,"column":12}},"5":{"start":{"line":22,"column":0},"end":{"line":22,"column":65}}},"fnMap":{"0":{"name":"(anonymous_0)","decl":{"start":{"line":4,"column":17},"end":{"line":4,"column":18}},"loc":{"start":{"line":4,"column":27},"end":{"line":32,"column":1}},"line":4},"1":{"name":"(anonymous_1)","decl":{"start":{"line":16,"column":41},"end":{"line":16,"column":42}},"loc":{"start":{"line":16,"column":49},"end":{"line":20,"column":1}},"line":16}},"branchMap":{},"s":{"0":2,"1":2,"2":2,"3":2,"4":0,"5":2},"f":{"0":2,"1":0},"b":{},"_coverageSchema":"332fd63041d2c1bcb487cc26dd0d5f7d97098a6c","hash":"696a8c65712e62db199cda0fe949951e0f5b0fa6"}
,"/home/ahmed/Desktop/udemy/nodeJS/rest-mongo/startup/routes.js": {"path":"/home/ahmed/Desktop/udemy/nodeJS/rest-mongo/startup/routes.js","statementMap":{"0":{"start":{"line":1,"column":16},"end":{"line":1,"column":34}},"1":{"start":{"line":2,"column":13},"end":{"line":2,"column":38}},"2":{"start":{"line":3,"column":16},"end":{"line":3,"column":44}},"3":{"start":{"line":4,"column":18},"end":{"line":4,"column":48}},"4":{"start":{"line":5,"column":16},"end":{"line":5,"column":44}},"5":{"start":{"line":6,"column":14},"end":{"line":6,"column":40}},"6":{"start":{"line":7,"column":13},"end":{"line":7,"column":38}},"7":{"start":{"line":8,"column":14},"end":{"line":8,"column":44}},"8":{"start":{"line":10,"column":0},"end":{"line":20,"column":1}},"9":{"start":{"line":12,"column":4},"end":{"line":12,"column":36}},"10":{"start":{"line":13,"column":4},"end":{"line":13,"column":40}},"11":{"start":{"line":14,"column":4},"end":{"line":14,"column":36}},"12":{"start":{"line":15,"column":4},"end":{"line":15,"column":32}},"13":{"start":{"line":16,"column":4},"end":{"line":16,"column":30}},"14":{"start":{"line":17,"column":4},"end":{"line":17,"column":22}},"15":{"start":{"line":19,"column":4},"end":{"line":19,"column":18}}},"fnMap":{"0":{"name":"(anonymous_0)","decl":{"start":{"line":10,"column":17},"end":{"line":10,"column":18}},"loc":{"start":{"line":10,"column":32},"end":{"line":20,"column":1}},"line":10}},"branchMap":{},"s":{"0":2,"1":2,"2":2,"3":2,"4":2,"5":2,"6":2,"7":2,"8":2,"9":2,"10":2,"11":2,"12":2,"13":2,"14":2,"15":2},"f":{"0":2},"b":{},"_coverageSchema":"332fd63041d2c1bcb487cc26dd0d5f7d97098a6c","hash":"69f3eab6bd65130be885563bf586b2826b367fdc"}
,"/home/ahmed/Desktop/udemy/nodeJS/rest-mongo/startup/validation.js": {"path":"/home/ahmed/Desktop/udemy/nodeJS/rest-mongo/startup/validation.js","statementMap":{"0":{"start":{"line":2,"column":12},"end":{"line":2,"column":26}},"1":{"start":{"line":3,"column":0},"end":{"line":5,"column":1}},"2":{"start":{"line":4,"column":4},"end":{"line":4,"column":47}}},"fnMap":{"0":{"name":"(anonymous_0)","decl":{"start":{"line":3,"column":17},"end":{"line":3,"column":18}},"loc":{"start":{"line":3,"column":29},"end":{"line":5,"column":1}},"line":3}},"branchMap":{},"s":{"0":2,"1":2,"2":2},"f":{"0":2},"b":{},"_coverageSchema":"332fd63041d2c1bcb487cc26dd0d5f7d97098a6c","hash":"e7d124e6d7852ad467e1cdba671268828e699b0f"}
}
