TN:
SF:/home/ahmed/Desktop/udemy/nodeJS/rest-mongo/index.js
FN:41,(anonymous_0)
FNF:1
FNH:1
FNDA:2,(anonymous_0)
DA:2,2
DA:3,2
DA:4,2
DA:5,2
DA:6,2
DA:7,2
DA:8,2
DA:9,2
DA:11,2
DA:12,2
DA:13,2
DA:14,2
DA:15,2
DA:16,2
DA:18,2
DA:19,2
DA:20,2
DA:21,2
DA:22,2
DA:25,2
DA:26,2
DA:28,2
DA:29,2
DA:32,2
DA:35,2
DA:36,0
DA:37,0
DA:39,2
DA:40,2
DA:41,2
DA:43,2
LF:31
LH:29
BRDA:35,0,0,0
BRDA:35,0,1,2
BRDA:40,1,0,2
BRDA:40,1,1,2
BRF:4
BRH:3
end_of_record
TN:
SF:/home/ahmed/Desktop/udemy/nodeJS/rest-mongo/middleware/admin.js
FN:4,admin
FNF:1
FNH:0
FNDA:0,admin
DA:1,2
DA:2,2
DA:5,0
DA:6,0
DA:8,0
DA:11,2
LF:6
LH:3
BRDA:5,0,0,0
BRDA:5,0,1,0
BRF:2
BRH:0
end_of_record
TN:
SF:/home/ahmed/Desktop/udemy/nodeJS/rest-mongo/middleware/async.js
FN:1,(anonymous_0)
FN:2,(anonymous_1)
FNF:2
FNH:2
FNDA:2,(anonymous_0)
FNDA:1,(anonymous_1)
DA:1,2
DA:2,2
DA:3,1
DA:4,1
DA:6,0
LF:5
LH:4
BRF:0
BRH:0
end_of_record
TN:
SF:/home/ahmed/Desktop/udemy/nodeJS/rest-mongo/middleware/auth.js
FN:4,auth
FNF:1
FNH:1
FNDA:6,auth
DA:1,3
DA:2,3
DA:5,6
DA:6,6
DA:7,6
DA:8,6
DA:9,4
DA:10,4
DA:12,2
DA:17,3
LF:10
LH:10
BRDA:6,0,0,2
BRDA:6,0,1,4
BRF:2
BRH:2
end_of_record
TN:
SF:/home/ahmed/Desktop/udemy/nodeJS/rest-mongo/middleware/error.js
FN:4,(anonymous_0)
FNF:1
FNH:1
FNDA:3,(anonymous_0)
DA:2,2
DA:4,2
DA:5,3
DA:6,3
LF:4
LH:4
BRF:0
BRH:0
end_of_record
TN:
SF:/home/ahmed/Desktop/udemy/nodeJS/rest-mongo/middleware/logger.js
FN:1,log
FNF:1
FNH:1
FNDA:8,log
DA:2,8
DA:3,8
DA:6,2
LF:3
LH:3
BRF:0
BRH:0
end_of_record
TN:
SF:/home/ahmed/Desktop/udemy/nodeJS/rest-mongo/middleware/validateObjectId.js
FN:3,(anonymous_0)
FNF:1
FNH:1
FNDA:2,(anonymous_0)
DA:1,2
DA:3,2
DA:4,2
DA:5,1
DA:8,1
LF:5
LH:5
BRDA:4,0,0,1
BRDA:4,0,1,1
BRF:2
BRH:2
end_of_record
TN:
SF:/home/ahmed/Desktop/udemy/nodeJS/rest-mongo/models/course.js
FN:13,ValidatCourse
FNF:1
FNH:0
FNDA:0,ValidatCourse
DA:1,2
DA:2,2
DA:3,2
DA:14,0
DA:17,0
DA:21,2
DA:22,2
LF:7
LH:5
BRF:0
BRH:0
end_of_record
TN:
SF:/home/ahmed/Desktop/udemy/nodeJS/rest-mongo/models/customer.js
FN:24,ValidatCustomer
FNF:1
FNH:0
FNDA:0,ValidatCustomer
DA:1,2
DA:2,2
DA:3,2
DA:25,0
DA:30,0
DA:34,2
DA:35,2
LF:7
LH:5
BRF:0
BRH:0
end_of_record
TN:
SF:/home/ahmed/Desktop/udemy/nodeJS/rest-mongo/models/rental.js
FN:46,validateRental
FNF:1
FNH:0
FNDA:0,validateRental
DA:1,2
DA:2,2
DA:4,2
DA:47,0
DA:52,0
DA:57,2
DA:58,2
LF:7
LH:5
BRF:0
BRH:0
end_of_record
TN:
SF:/home/ahmed/Desktop/udemy/nodeJS/rest-mongo/models/user.js
FN:22,(anonymous_0)
FN:29,ValidateUser
FNF:2
FNH:1
FNDA:9,(anonymous_0)
FNDA:0,ValidateUser
DA:1,4
DA:2,4
DA:3,4
DA:4,4
DA:5,4
DA:22,4
DA:23,9
DA:24,9
DA:26,4
DA:30,0
DA:36,0
DA:39,4
DA:40,4
LF:13
LH:11
BRF:0
BRH:0
end_of_record
TN:
SF:/home/ahmed/Desktop/udemy/nodeJS/rest-mongo/routes/auth.js
FN:11,(anonymous_0)
FN:23,validate
FNF:2
FNH:0
FNDA:0,(anonymous_0)
FNDA:0,validate
DA:1,2
DA:2,2
DA:3,2
DA:4,2
DA:5,2
DA:6,2
DA:7,2
DA:8,2
DA:9,2
DA:11,2
DA:12,0
DA:13,0
DA:14,0
DA:15,0
DA:16,0
DA:17,0
DA:18,0
DA:20,0
DA:24,0
DA:29,0
DA:32,2
LF:21
LH:11
BRDA:13,0,0,0
BRDA:13,0,1,0
BRDA:15,1,0,0
BRDA:15,1,1,0
BRDA:17,2,0,0
BRDA:17,2,1,0
BRF:6
BRH:0
end_of_record
TN:
SF:/home/ahmed/Desktop/udemy/nodeJS/rest-mongo/routes/courses.js
FN:14,(anonymous_0)
FN:19,(anonymous_1)
FN:25,(anonymous_2)
FN:40,(anonymous_3)
FN:54,(anonymous_4)
FNF:5
FNH:3
FNDA:1,(anonymous_0)
FNDA:1,(anonymous_1)
FNDA:3,(anonymous_2)
FNDA:0,(anonymous_3)
FNDA:0,(anonymous_4)
DA:1,2
DA:2,2
DA:3,2
DA:4,2
DA:5,2
DA:6,2
DA:7,2
DA:8,2
DA:9,2
DA:10,2
DA:14,2
DA:15,1
DA:16,1
DA:19,2
DA:20,1
DA:21,1
DA:22,1
DA:25,2
DA:26,3
DA:27,3
DA:29,0
DA:33,3
DA:34,3
DA:35,3
DA:36,2
DA:40,2
DA:42,0
DA:43,0
DA:44,0
DA:46,0
DA:47,0
DA:49,0
DA:54,2
DA:55,0
DA:56,0
DA:57,0
DA:61,2
LF:37
LH:27
BRDA:21,0,0,0
BRDA:21,0,1,1
BRDA:27,1,0,0
BRDA:27,1,1,3
BRDA:43,2,0,0
BRDA:43,2,1,0
BRDA:47,3,0,0
BRDA:47,3,1,0
BRDA:56,4,0,0
BRDA:56,4,1,0
BRF:10
BRH:2
end_of_record
TN:
SF:/home/ahmed/Desktop/udemy/nodeJS/rest-mongo/routes/customers.js
FN:10,(anonymous_0)
FN:15,(anonymous_1)
FN:21,(anonymous_2)
FN:40,(anonymous_3)
FN:58,(anonymous_4)
FNF:5
FNH:0
FNDA:0,(anonymous_0)
FNDA:0,(anonymous_1)
FNDA:0,(anonymous_2)
FNDA:0,(anonymous_3)
FNDA:0,(anonymous_4)
DA:1,2
DA:2,2
DA:3,2
DA:4,2
DA:5,2
DA:10,2
DA:11,0
DA:12,0
DA:15,2
DA:16,0
DA:17,0
DA:18,0
DA:21,2
DA:22,0
DA:23,0
DA:25,0
DA:29,0
DA:30,0
DA:35,0
DA:36,0
DA:40,2
DA:42,0
DA:43,0
DA:44,0
DA:46,0
DA:51,0
DA:53,0
DA:58,2
DA:59,0
DA:60,0
DA:61,0
DA:65,2
LF:32
LH:11
BRDA:17,0,0,0
BRDA:17,0,1,0
BRDA:23,1,0,0
BRDA:23,1,1,0
BRDA:43,2,0,0
BRDA:43,2,1,0
BRDA:51,3,0,0
BRDA:51,3,1,0
BRDA:60,4,0,0
BRDA:60,4,1,0
BRF:10
BRH:0
end_of_record
TN:
SF:/home/ahmed/Desktop/udemy/nodeJS/rest-mongo/routes/home.js
FN:5,(anonymous_0)
FNF:1
FNH:0
FNDA:0,(anonymous_0)
DA:1,2
DA:2,2
DA:5,2
DA:6,0
DA:10,2
LF:5
LH:4
BRF:0
BRH:0
end_of_record
TN:
SF:/home/ahmed/Desktop/udemy/nodeJS/rest-mongo/routes/rentals.js
FN:12,(anonymous_0)
FN:17,(anonymous_1)
FNF:2
FNH:0
FNDA:0,(anonymous_0)
FNDA:0,(anonymous_1)
DA:1,2
DA:2,2
DA:3,2
DA:4,2
DA:5,2
DA:6,2
DA:7,2
DA:8,2
DA:10,2
DA:12,2
DA:13,0
DA:14,0
DA:17,2
DA:18,0
DA:19,0
DA:24,0
DA:25,0
DA:27,0
DA:28,0
DA:30,0
DA:42,0
DA:43,0
DA:50,0
DA:52,0
DA:56,2
LF:25
LH:12
BRDA:19,0,0,0
BRDA:19,0,1,0
BRDA:25,1,0,0
BRDA:25,1,1,0
BRDA:28,2,0,0
BRDA:28,2,1,0
BRF:6
BRH:0
end_of_record
TN:
SF:/home/ahmed/Desktop/udemy/nodeJS/rest-mongo/routes/users.js
FN:12,(anonymous_0)
FN:18,(anonymous_1)
FN:23,(anonymous_2)
FNF:3
FNH:0
FNDA:0,(anonymous_0)
FNDA:0,(anonymous_1)
FNDA:0,(anonymous_2)
DA:1,2
DA:2,2
DA:3,2
DA:4,2
DA:5,2
DA:6,2
DA:7,2
DA:8,2
DA:9,2
DA:10,2
DA:12,2
DA:13,0
DA:14,0
DA:18,2
DA:19,0
DA:20,0
DA:23,2
DA:24,0
DA:25,0
DA:26,0
DA:27,0
DA:28,0
DA:29,0
DA:30,0
DA:31,0
DA:32,0
DA:33,0
DA:36,2
LF:28
LH:14
BRDA:25,0,0,0
BRDA:25,0,1,0
BRDA:27,1,0,0
BRDA:27,1,1,0
BRF:4
BRH:0
end_of_record
TN:
SF:/home/ahmed/Desktop/udemy/nodeJS/rest-mongo/startup/config.js
FN:3,(anonymous_0)
FNF:1
FNH:1
FNDA:2,(anonymous_0)
DA:1,2
DA:3,2
DA:5,2
DA:6,0
LF:4
LH:3
BRDA:5,0,0,0
BRDA:5,0,1,2
BRF:2
BRH:1
end_of_record
TN:
SF:/home/ahmed/Desktop/udemy/nodeJS/rest-mongo/startup/db.js
FN:5,(anonymous_0)
FN:8,(anonymous_1)
FNF:2
FNH:2
FNDA:2,(anonymous_0)
FNDA:2,(anonymous_1)
DA:1,2
DA:2,2
DA:3,2
DA:5,2
DA:6,2
DA:7,2
DA:8,2
LF:7
LH:7
BRF:0
BRH:0
end_of_record
TN:
SF:/home/ahmed/Desktop/udemy/nodeJS/rest-mongo/startup/logging.js
FN:4,(anonymous_0)
FN:16,(anonymous_1)
FNF:2
FNH:1
FNDA:2,(anonymous_0)
FNDA:0,(anonymous_1)
DA:1,2
DA:4,2
DA:11,2
DA:16,2
DA:19,0
DA:22,2
LF:6
LH:5
BRF:0
BRH:0
end_of_record
TN:
SF:/home/ahmed/Desktop/udemy/nodeJS/rest-mongo/startup/routes.js
FN:10,(anonymous_0)
FNF:1
FNH:1
FNDA:2,(anonymous_0)
DA:1,2
DA:2,2
DA:3,2
DA:4,2
DA:5,2
DA:6,2
DA:7,2
DA:8,2
DA:10,2
DA:12,2
DA:13,2
DA:14,2
DA:15,2
DA:16,2
DA:17,2
DA:19,2
LF:16
LH:16
BRF:0
BRH:0
end_of_record
TN:
SF:/home/ahmed/Desktop/udemy/nodeJS/rest-mongo/startup/validation.js
FN:3,(anonymous_0)
FNF:1
FNH:1
FNDA:2,(anonymous_0)
DA:2,2
DA:3,2
DA:4,2
LF:3
LH:3
BRF:0
BRH:0
end_of_record
